Using pre-set license
Built from '2020.3/staging' branch; Version is '2020.3.28f1 (f5400f52e03f) revision 16072719'; Using compiler version '192528614'; Build Type 'Release'
OS: 'Windows 10  (10.0.19044) 64bit Professional' Language: 'en' Physical Memory: 32702 MB
BatchMode: 1, IsHumanControllingUs: 0, StartBugReporterOnCrash: 0, Is64bit: 1, IsPro: 0

COMMAND LINE ARGUMENTS:
C:\Program Files\Unity\Hub\Editor\2020.3.28f1\Editor\Unity.exe
-adb2
-batchMode
-noUpm
-name
AssetImportWorker0
-projectPath
E:/Archive/SCHOOL/2022/Fall/CART 415 (Jongwoo Kim)/Jam 2/GameJam2_T3/GameJam2_Team3
-logFile
Logs/AssetImportWorker0.log
-srvPort
59289
Successfully changed project path to: E:/Archive/SCHOOL/2022/Fall/CART 415 (Jongwoo Kim)/Jam 2/GameJam2_T3/GameJam2_Team3
E:/Archive/SCHOOL/2022/Fall/CART 415 (Jongwoo Kim)/Jam 2/GameJam2_T3/GameJam2_Team3
Using Asset Import Pipeline V2.
Refreshing native plugins compatible for Editor in 40.24 ms, found 2 plugins.
Preloading 0 native plugins for Editor in 0.00 ms.
Initialize engine version: 2020.3.28f1 (f5400f52e03f)
[Subsystems] Discovering subsystems at path C:/Program Files/Unity/Hub/Editor/2020.3.28f1/Editor/Data/Resources/UnitySubsystems
[Subsystems] Discovering subsystems at path E:/Archive/SCHOOL/2022/Fall/CART 415 (Jongwoo Kim)/Jam 2/GameJam2_T3/GameJam2_Team3/Assets
GfxDevice: creating device client; threaded=0
Direct3D:
    Version:  Direct3D 11.0 [level 11.1]
    Renderer: NVIDIA GeForce RTX 2080 (ID=0x1e87)
    Vendor:   
    VRAM:     8010 MB
    Driver:   31.0.15.1694
Initialize mono
Mono path[0] = 'C:/Program Files/Unity/Hub/Editor/2020.3.28f1/Editor/Data/Managed'
Mono path[1] = 'C:/Program Files/Unity/Hub/Editor/2020.3.28f1/Editor/Data/MonoBleedingEdge/lib/mono/unityjit'
Mono config path = 'C:/Program Files/Unity/Hub/Editor/2020.3.28f1/Editor/Data/MonoBleedingEdge/etc'
Using monoOptions --debugger-agent=transport=dt_socket,embedding=1,server=y,suspend=n,address=127.0.0.1:56088
Begin MonoManager ReloadAssembly
Registering precompiled unity dll's ...
Register platform support module: C:/Program Files/Unity/Hub/Editor/2020.3.28f1/Editor/Data/PlaybackEngines/WebGLSupport/UnityEditor.WebGL.Extensions.dll
Register platform support module: C:/Program Files/Unity/Hub/Editor/2020.3.28f1/Editor/Data/PlaybackEngines/WindowsStandaloneSupport/UnityEditor.WindowsStandalone.Extensions.dll
Registered in 0.001830 seconds.
Native extension for WindowsStandalone target not found
Native extension for WebGL target not found
Refreshing native plugins compatible for Editor in 41.08 ms, found 2 plugins.
Preloading 0 native plugins for Editor in 0.00 ms.
Mono: successfully reloaded assembly
- Completed reload, in  0.502 seconds
Domain Reload Profiling:
	ReloadAssembly (503ms)
		BeginReloadAssembly (59ms)
			ExecutionOrderSort (0ms)
			DisableScriptedObjects (0ms)
			BackupInstance (0ms)
			ReleaseScriptingObjects (0ms)
			CreateAndSetChildDomain (1ms)
		EndReloadAssembly (384ms)
			LoadAssemblies (57ms)
			RebuildTransferFunctionScriptingTraits (0ms)
			SetupTypeCache (127ms)
			ReleaseScriptCaches (0ms)
			RebuildScriptCaches (25ms)
			SetupLoadedEditorAssemblies (146ms)
				LogAssemblyErrors (0ms)
				InitializePlatformSupportModulesInManaged (5ms)
				SetLoadedEditorAssemblies (0ms)
				RefreshPlugins (41ms)
				BeforeProcessingInitializeOnLoad (12ms)
				ProcessInitializeOnLoadAttributes (65ms)
				ProcessInitializeOnLoadMethodAttributes (22ms)
				AfterProcessingInitializeOnLoad (0ms)
				EditorAssembliesLoaded (0ms)
			ExecutionOrderSort2 (0ms)
			AwakeInstancesAfterBackupRestoration (0ms)
Platform modules already initialized, skipping
Registering precompiled user dll's ...
Registered in 0.003141 seconds.
Begin MonoManager ReloadAssembly
Native extension for WindowsStandalone target not found
Native extension for WebGL target not found
Refreshing native plugins compatible for Editor in 42.24 ms, found 2 plugins.
Preloading 0 native plugins for Editor in 0.00 ms.
Mono: successfully reloaded assembly
- Completed reload, in  0.950 seconds
Domain Reload Profiling:
	ReloadAssembly (951ms)
		BeginReloadAssembly (124ms)
			ExecutionOrderSort (0ms)
			DisableScriptedObjects (4ms)
			BackupInstance (0ms)
			ReleaseScriptingObjects (0ms)
			CreateAndSetChildDomain (17ms)
		EndReloadAssembly (777ms)
			LoadAssemblies (79ms)
			RebuildTransferFunctionScriptingTraits (0ms)
			SetupTypeCache (276ms)
			ReleaseScriptCaches (1ms)
			RebuildScriptCaches (42ms)
			SetupLoadedEditorAssemblies (288ms)
				LogAssemblyErrors (0ms)
				InitializePlatformSupportModulesInManaged (4ms)
				SetLoadedEditorAssemblies (0ms)
				RefreshPlugins (42ms)
				BeforeProcessingInitializeOnLoad (69ms)
				ProcessInitializeOnLoadAttributes (160ms)
				ProcessInitializeOnLoadMethodAttributes (8ms)
				AfterProcessingInitializeOnLoad (5ms)
				EditorAssembliesLoaded (0ms)
			ExecutionOrderSort2 (0ms)
			AwakeInstancesAfterBackupRestoration (5ms)
Platform modules already initialized, skipping
========================================================================
Worker process is ready to serve import requests
Launched and connected shader compiler UnityShaderCompiler.exe after 0.04 seconds
Refreshing native plugins compatible for Editor in 0.48 ms, found 2 plugins.
Preloading 0 native plugins for Editor in 0.00 ms.
Unloading 2822 Unused Serialized files (Serialized files now loaded: 0)
System memory in use before: 129.0 MB.
System memory in use after: 129.2 MB.

Unloading 20 unused Assets to reduce memory usage. Loaded Objects now: 3256.
Total: 4.411700 ms (FindLiveObjects: 0.390400 ms CreateObjectMapping: 0.219800 ms MarkObjects: 3.674400 ms  DeleteObjects: 0.125700 ms)

AssetImportParameters requested are different than current active one (requested -> active):
  custom:framework-win-MediaFoundation: 216162199b28c13a410421893ffa2e32 -> 
  custom:video-decoder-ogg-theora: a1e56fd34408186e4bbccfd4996cb3dc -> 
  custom:container-muxer-webm: aa71ff27fc2769a1b78a27578f13a17b -> 
  custom:container-demuxer-webm: 4f35f7cbe854078d1ac9338744f61a02 -> 
  custom:container-demuxer-ogg: 62fdf1f143b41e24485cea50d1cbac27 -> 
  custom:video-encoder-webm-vp8: eb34c28f22e8b96e1ab97ce403110664 -> 
  custom:video-decoder-webm-vp8: 9c59270c3fd7afecdb556c50c9e8de78 -> 
  custom:audio-decoder-ogg-vorbis: bf7c407c2cedff20999df2af8eb42d56 -> 
  custom:audio-encoder-webm-vorbis: bf7c407c2cedff20999df2af8eb42d56 -> 
========================================================================
Received Import Request.
  path: Assets/Scenes
  artifactKey: Guid(9a0e9e4e24f31dd40a6e1c4c14db0902) Importer(815301076,1909f56bfc062723c751e8b465ee728b)
Start importing Assets/Scenes using Guid(9a0e9e4e24f31dd40a6e1c4c14db0902) Importer(815301076,1909f56bfc062723c751e8b465ee728b)  -> (artifact id: 'fc136a1d6fa54dc7d0a9f407ce3a3c1d') in 0.009422 seconds 
  Import took 0.013175 seconds .

========================================================================
Received Import Request.
  Time since last request: 0.000156 seconds.
  path: Assets/Scenes/ArtTestScene.unity
  artifactKey: Guid(235c1f5203bf0304aa0c49fa3d89ca1e) Importer(815301076,1909f56bfc062723c751e8b465ee728b)
Start importing Assets/Scenes/ArtTestScene.unity using Guid(235c1f5203bf0304aa0c49fa3d89ca1e) Importer(815301076,1909f56bfc062723c751e8b465ee728b)  -> (artifact id: '4a0e303362f60334bb6cc26a08d24c77') in 0.018997 seconds 
  Import took 0.022875 seconds .

========================================================================
Received Import Request.
  Time since last request: 21.109946 seconds.
  path: Assets/Mesh
  artifactKey: Guid(1040fa63561ab8a4a8dca5962a078af2) Importer(815301076,1909f56bfc062723c751e8b465ee728b)
Start importing Assets/Mesh using Guid(1040fa63561ab8a4a8dca5962a078af2) Importer(815301076,1909f56bfc062723c751e8b465ee728b)  -> (artifact id: 'ce82d05db11586a988c691d9e84f3a61') in 0.005297 seconds 
  Import took 0.010138 seconds .

========================================================================
Received Import Request.
  Time since last request: 0.042555 seconds.
  path: Assets/Mesh/FloorV0.fbx
  artifactKey: Guid(13bbcc0b429a98840ba1f95a31cfed6d) Importer(815301076,1909f56bfc062723c751e8b465ee728b)
Start importing Assets/Mesh/FloorV0.fbx using Guid(13bbcc0b429a98840ba1f95a31cfed6d) Importer(815301076,1909f56bfc062723c751e8b465ee728b)  -> (artifact id: 'f370f47356ec5c962defdb6383d37064') in 0.388642 seconds 
  Import took 0.392834 seconds .

========================================================================
Received Import Request.
  Time since last request: 0.000243 seconds.
  path: Assets/Mesh/NPCV0.fbx
  artifactKey: Guid(158756dacbcefd648bd2fde5657e98e1) Importer(815301076,1909f56bfc062723c751e8b465ee728b)
Start importing Assets/Mesh/NPCV0.fbx using Guid(158756dacbcefd648bd2fde5657e98e1) Importer(815301076,1909f56bfc062723c751e8b465ee728b)  -> (artifact id: '89763640c79c0f71da0a7eb8d3ba2ea3') in 0.055028 seconds 
  Import took 0.058549 seconds .

========================================================================
Received Import Request.
  Time since last request: 2.213521 seconds.
  path: Assets/Prefabs
  artifactKey: Guid(d7a8243828b4ce54985694b5e0787995) Importer(815301076,1909f56bfc062723c751e8b465ee728b)
Start importing Assets/Prefabs using Guid(d7a8243828b4ce54985694b5e0787995) Importer(815301076,1909f56bfc062723c751e8b465ee728b)  -> (artifact id: '935a9f304408cf42eb2a11230839d319') in 0.396095 seconds 
  Import took 0.401236 seconds .

========================================================================
Received Import Request.
  Time since last request: 0.000627 seconds.
  path: Assets/Prefabs/Flooring.prefab
  artifactKey: Guid(1a82fd06a496a7644977c44550a9f271) Importer(815301076,1909f56bfc062723c751e8b465ee728b)
Start importing Assets/Prefabs/Flooring.prefab using Guid(1a82fd06a496a7644977c44550a9f271) Importer(815301076,1909f56bfc062723c751e8b465ee728b)  -> (artifact id: 'c7110392459510cb76472315ddefa6a0') in 0.012539 seconds 
  Import took 0.018244 seconds .

========================================================================
Received Import Request.
  Time since last request: 0.000291 seconds.
  path: Assets/Prefabs/NPC.prefab
  artifactKey: Guid(cf2ac90b17235b149ba9e313a356256a) Importer(815301076,1909f56bfc062723c751e8b465ee728b)
Start importing Assets/Prefabs/NPC.prefab using Guid(cf2ac90b17235b149ba9e313a356256a) Importer(815301076,1909f56bfc062723c751e8b465ee728b)  -> (artifact id: '62f376a4d539b743b4fc8f63f35c2a1f') in 0.008154 seconds 
  Import took 0.012513 seconds .

========================================================================
Received Import Request.
  Time since last request: 7.467594 seconds.
  path: Assets/Prefabs/Flooring.prefab
  artifactKey: Guid(1a82fd06a496a7644977c44550a9f271) Importer(815301076,1909f56bfc062723c751e8b465ee728b)
Start importing Assets/Prefabs/Flooring.prefab using Guid(1a82fd06a496a7644977c44550a9f271) Importer(815301076,1909f56bfc062723c751e8b465ee728b)  -> (artifact id: '9ae39ab4217fdff10491ff7409fa2afc') in 0.007208 seconds 
  Import took 0.011839 seconds .

========================================================================
Received Import Request.
  Time since last request: 38.373094 seconds.
  path: Assets/Prefabs/Flooring.prefab
  artifactKey: Guid(1a82fd06a496a7644977c44550a9f271) Importer(815301076,1909f56bfc062723c751e8b465ee728b)
Start importing Assets/Prefabs/Flooring.prefab using Guid(1a82fd06a496a7644977c44550a9f271) Importer(815301076,1909f56bfc062723c751e8b465ee728b)  -> (artifact id: '830b260651d1b2b920bbf5f0c85b6e84') in 0.010234 seconds 
  Import took 0.015054 seconds .

========================================================================
Received Import Request.
  Time since last request: 3.878566 seconds.
  path: Assets/Prefabs/NPC.prefab
  artifactKey: Guid(cf2ac90b17235b149ba9e313a356256a) Importer(815301076,1909f56bfc062723c751e8b465ee728b)
Start importing Assets/Prefabs/NPC.prefab using Guid(cf2ac90b17235b149ba9e313a356256a) Importer(815301076,1909f56bfc062723c751e8b465ee728b)  -> (artifact id: 'cec7fb28802f3f299df3f670875c640c') in 0.004241 seconds 
  Import took 0.009352 seconds .

========================================================================
Received Import Request.
  Time since last request: 18.773904 seconds.
  path: Assets/Prefabs/NPC.prefab
  artifactKey: Guid(cf2ac90b17235b149ba9e313a356256a) Importer(815301076,1909f56bfc062723c751e8b465ee728b)
Start importing Assets/Prefabs/NPC.prefab using Guid(cf2ac90b17235b149ba9e313a356256a) Importer(815301076,1909f56bfc062723c751e8b465ee728b)  -> (artifact id: 'e363317a7b04d15011d3ecec997c282f') in 0.012223 seconds 
  Import took 0.017161 seconds .

========================================================================
Received Import Request.
  Time since last request: 45.197817 seconds.
  path: Assets/Material
  artifactKey: Guid(ba8a1c8724f0d5345996435f6b50deac) Importer(815301076,1909f56bfc062723c751e8b465ee728b)
Start importing Assets/Material using Guid(ba8a1c8724f0d5345996435f6b50deac) Importer(815301076,1909f56bfc062723c751e8b465ee728b)  -> (artifact id: '4485a00e99d099cdaa3c18ae5ad98400') in 0.005186 seconds 
  Import took 0.009932 seconds .

========================================================================
Received Import Request.
  Time since last request: 0.047797 seconds.
  path: Assets/Material/CameraOutputMaterial.mat
  artifactKey: Guid(5c21d8a04ebdfd94fb3cbd835484831e) Importer(815301076,1909f56bfc062723c751e8b465ee728b)
Start importing Assets/Material/CameraOutputMaterial.mat using Guid(5c21d8a04ebdfd94fb3cbd835484831e) Importer(815301076,1909f56bfc062723c751e8b465ee728b)  -> (artifact id: 'aa0d8c22825a0c155404317adc5f928d') in 0.014340 seconds 
  Import took 0.018319 seconds .

========================================================================
Received Import Request.
  Time since last request: 0.000238 seconds.
  path: Assets/Material/NPCMaterial.mat
  artifactKey: Guid(eb0c4774937027f4d94df6e7ab2eac0c) Importer(815301076,1909f56bfc062723c751e8b465ee728b)
Start importing Assets/Material/NPCMaterial.mat using Guid(eb0c4774937027f4d94df6e7ab2eac0c) Importer(815301076,1909f56bfc062723c751e8b465ee728b)  -> (artifact id: '62c5d88c783de3db3385efe11bae4b36') in 0.011856 seconds 
  Import took 0.015408 seconds .

========================================================================
Received Import Request.
  Time since last request: 5.203332 seconds.
  path: Assets/Shaders
  artifactKey: Guid(3e52350f502fa6b47b026d35814e9d83) Importer(815301076,1909f56bfc062723c751e8b465ee728b)
Start importing Assets/Shaders using Guid(3e52350f502fa6b47b026d35814e9d83) Importer(815301076,1909f56bfc062723c751e8b465ee728b)  -> (artifact id: '011360beff1e542dcd2fbc9861b8a9bc') in 0.006720 seconds 
  Import took 0.011986 seconds .

========================================================================
Received Import Request.
  Time since last request: 1.890929 seconds.
  path: Assets/Shaders/AgedPixelShader.shadergraph
  artifactKey: Guid(32df2b62fe0b7f84a9123d55b779582a) Importer(815301076,1909f56bfc062723c751e8b465ee728b)
Start importing Assets/Shaders/AgedPixelShader.shadergraph using Guid(32df2b62fe0b7f84a9123d55b779582a) Importer(815301076,1909f56bfc062723c751e8b465ee728b)  -> (artifact id: '0667fefc5aa55c62dfeb766896b4269a') in 0.008106 seconds 
  Import took 0.012962 seconds .

========================================================================
Received Import Request.
  Time since last request: 31.011858 seconds.
  path: Assets/Textures
  artifactKey: Guid(663ec6434d5a6bd4eb633c933f437806) Importer(815301076,1909f56bfc062723c751e8b465ee728b)
Start importing Assets/Textures using Guid(663ec6434d5a6bd4eb633c933f437806) Importer(815301076,1909f56bfc062723c751e8b465ee728b)  -> (artifact id: '417d1d3ca84590c5b1bc1079a36b88dc') in 0.004983 seconds 
  Import took 0.009213 seconds .

========================================================================
Received Import Request.
  Time since last request: 0.034235 seconds.
  path: Assets/Textures/CameraOutputTexture.renderTexture
  artifactKey: Guid(c45f5e337e8360f4e9d41e034f8d02f2) Importer(815301076,1909f56bfc062723c751e8b465ee728b)
Start importing Assets/Textures/CameraOutputTexture.renderTexture using Guid(c45f5e337e8360f4e9d41e034f8d02f2) Importer(815301076,1909f56bfc062723c751e8b465ee728b)  -> (artifact id: '7c846dc915622bf6e70b45b08a455f8b') in 0.024609 seconds 
  Import took 0.028780 seconds .

========================================================================
Received Import Request.
  Time since last request: 0.000224 seconds.
  path: Assets/Textures/CharacterUV.png
  artifactKey: Guid(c20dfe6291a735b4d852683793ff2226) Importer(815301076,1909f56bfc062723c751e8b465ee728b)
Start importing Assets/Textures/CharacterUV.png using Guid(c20dfe6291a735b4d852683793ff2226) Importer(815301076,1909f56bfc062723c751e8b465ee728b)  -> (artifact id: '3bbf0a5dbe177a54c4d3fb70dcfa359d') in 0.020442 seconds 
  Import took 0.023955 seconds .

